<?xml version="1.0" encoding="UTF-8"?>
<!-- Generated by org.testng.reporters.JUnitXMLReporter -->
<testsuite ignored="0" hostname="NIS-PK591s-MacBook-Pro.local" failures="1" tests="1" name="Validating User login" time="11.157" errors="0" timestamp="2022-02-17T19:08:00 PKT">
  <testcase classname="UI.TestCases.UI_Test_001_AllLinks" name="TC_001_Simple" time="2.352">
    <failure type="java.lang.AssertionError" message="expected [true] but found [false]">
      <![CDATA[java.lang.AssertionError: expected [true] but found [false]
at UI.TestCases.UI_Test_001_AllLinks.TC_001_Simple(UI_Test_001_AllLinks.java:91)
at java.base/java.util.ArrayList.forEach(ArrayList.java:1511)
... Removed 35 stack frames]]>
    </failure>
  </testcase> <!-- TC_001_Simple -->
</testsuite> <!-- Validating User login -->
