<?xml version="1.0" encoding="UTF-8"?>
<testng-results ignored="0" total="2" passed="2" failed="0" skipped="0">
  <reporter-output>
  </reporter-output>
  <suite started-at="2022-02-17T17:45:36 PKT" name="Suite" finished-at="2022-02-17T17:45:44 PKT" duration-ms="7591">
    <groups>
    </groups>
    <test started-at="2022-02-17T17:45:36 PKT" name="Validating User login" finished-at="2022-02-17T17:45:44 PKT" duration-ms="7591">
      <class name="API.API_01_OAuth2">
        <test-method signature="GetToken()[pri:0, instance:API.API_01_OAuth2@71def8f8]" started-at="2022-02-17T17:45:36 PKT" name="GetToken" finished-at="2022-02-17T17:45:43 PKT" duration-ms="6896" status="PASS">
          <reporter-output>
          </reporter-output>
        </test-method> <!-- GetToken -->
        <test-method signature="TC_001_Post_With_Oauth2()[pri:0, instance:API.API_01_OAuth2@71def8f8]" started-at="2022-02-17T17:45:43 PKT" name="TC_001_Post_With_Oauth2" finished-at="2022-02-17T17:45:44 PKT" depends-on-methods="API.API_01_OAuth2.GetToken" duration-ms="628" status="PASS">
          <reporter-output>
          </reporter-output>
        </test-method> <!-- TC_001_Post_With_Oauth2 -->
      </class> <!-- API.API_01_OAuth2 -->
    </test> <!-- Validating User login -->
  </suite> <!-- Suite -->
</testng-results>
