<?xml version="1.0" encoding="UTF-8"?>
<testsuite xmlns:xsi="http://www.w3.org/2001/XMLSchema-instance" xsi:noNamespaceSchemaLocation="https://maven.apache.org/surefire/maven-surefire-plugin/xsd/surefire-test-report-3.0.xsd" version="3.0" name="TestSuite" time="6.695" tests="1" errors="0" skipped="0" failures="1">
  <properties>
[...]
</properties>
  <testcase name="RegistrationTest" classname="TC_001_POST_Request" time="1.31">
    <failure message="restapi.demoqa.com: nodename nor servname provided, or not known" type="java.net.UnknownHostException"><![CDATA[java.net.UnknownHostException: restapi.demoqa.com: nodename nor servname provided, or not known
	at TC_001_POST_Request.RegistrationTest(TC_001_POST_Request.java:49)
]]></failure>
  </testcase>
</testsuite>