<?xml version="1.0" encoding="UTF-8"?>
<testsuite xmlns:xsi="http://www.w3.org/2001/XMLSchema-instance" xsi:noNamespaceSchemaLocation="https://maven.apache.org/surefire/maven-surefire-plugin/xsd/surefire-test-report-3.0.xsd" version="3.0" name="TestSuite" time="8.157" tests="2" errors="0" skipped="0" failures="0">
  <properties>
[...]
</properties>
  <testcase name="GetToken" classname="API.API_01_OAuth2" time="6.932">
    <system-out><![CDATA[Starting test : GetToken
Test Successful *********!
]]></system-out>
  </testcase>
  <testcase name="TC_001_Post_With_Oauth2" classname="API.API_01_OAuth2" time="0.629">
    <system-out><![CDATA[Starting test : TC_001_Post_With_Oauth2
Response body is shown below: 
HTTP/1.1 200 OK
Date: Thu, 17 Feb 2022 12:45:44 GMT
Content-Type: application/json
Transfer-Encoding: chunked
Connection: keep-alive
Cache-Control: no-cache
CF-Cache-Status: DYNAMIC
Report-To: {"endpoints":[{"url":"https:\/\/a.nel.cloudflare.com\/report\/v3?s=VjXi15%2BOkLud%2F9YU8lwd1WBzH2j03vPxS31%2FDeos6Pc9b7%2BnDrVR4n7e5B%2FF5ACAMRhHHsvYJzOV3wRMMazGMq7eXh2b1fujHSMuAi%2FauvUcEHz2Io%2F4ESdgHeIJFT7sIN%2B7sp7FMRMeXB0Y"}],"group":"cf-nel","max_age":604800}
NEL: {"success_fraction":0,"report_to":"cf-nel","max_age":604800}
Server: cloudflare
CF-RAY: 6def1d503bb21eb1-AMS
Content-Encoding: gzip

{
    "action": "barn-unlock",
    "success": true,
    "message": "You just unlocked your barn! Watch out for strangers!",
    "data": null
}
Test Successful *********!
]]></system-out>
  </testcase>
</testsuite>